2016-06-13 08:48:08 [::1][9][ku3kl9m811igopve1jfmkc7nv6][error][yii\web\HttpException:400] yii\web\BadRequestHttpException: Unable to verify your data submission. in C:\xampp\htdocs\PKM\vendor\yiisoft\yii2\web\Controller.php:110
Stack trace:
#0 C:\xampp\htdocs\PKM\vendor\yiisoft\yii2\base\Controller.php(152): yii\web\Controller->beforeAction(Object(yii\base\InlineAction))
#1 C:\xampp\htdocs\PKM\vendor\yiisoft\yii2\base\Module.php(454): yii\base\Controller->runAction('logout', Array)
#2 C:\xampp\htdocs\PKM\vendor\yiisoft\yii2\web\Application.php(84): yii\base\Module->runAction('site/logout', Array)
#3 C:\xampp\htdocs\PKM\vendor\yiisoft\yii2\base\Application.php(375): yii\web\Application->handleRequest(Object(yii\web\Request))
#4 C:\xampp\htdocs\PKM\backend\web\index.php(18): yii\base\Application->run()
#5 {main}
2016-06-13 08:48:08 [::1][9][ku3kl9m811igopve1jfmkc7nv6][info][application] $_GET = [
    'r' => 'site/logout'
]

$_POST = [
    '_csrf' => 'MGt3OUlZMkNjMzoMAjQAKX8gPlQMaXssYB01QT04dHJ3MgR/Bwh6NQ=='
]

$_COOKIE = [
    '_csrf' => '11a63b557a9a57fabcc59df1a1e03e2c3c3f0e78594ee9135a2c70fbf39bc9afa:2:{i:0;s:5:\"_csrf\";i:1;s:32:\"qGZM1M6h14w3cWAQsAU3GT9TVLHN3cip\";}'
    '_identity' => '2d93811f3aaef1ee603c77e26236f47c2bc6f724ee172b2c980d2cfc06205563a:2:{i:0;s:9:\"_identity\";i:1;s:46:\"[9,\"DUWbi6susizZ9IxLLKVrpWSn_TaJY7Ui\",2592000]\";}'
    'PHPSESSID' => 'ku3kl9m811igopve1jfmkc7nv6'
]

$_SESSION = [
    '__flash' => []
    '__id' => 9
]

$_SERVER = [
    'MIBDIRS' => 'C:/xampp/php/extras/mibs'
    'MYSQL_HOME' => '\\xampp\\mysql\\bin'
    'OPENSSL_CONF' => 'C:/xampp/apache/bin/openssl.cnf'
    'PHP_PEAR_SYSCONF_DIR' => '\\xampp\\php'
    'PHPRC' => '\\xampp\\php'
    'TMP' => '\\xampp\\tmp'
    'HTTP_HOST' => 'localhost'
    'HTTP_CONNECTION' => 'keep-alive'
    'CONTENT_LENGTH' => '68'
    'HTTP_CACHE_CONTROL' => 'max-age=0'
    'HTTP_ACCEPT' => 'text/html,application/xhtml+xml,application/xml;q=0.9,image/webp,*/*;q=0.8'
    'HTTP_ORIGIN' => 'http://localhost'
    'HTTP_UPGRADE_INSECURE_REQUESTS' => '1'
    'HTTP_USER_AGENT' => 'Mozilla/5.0 (Windows NT 6.1; WOW64) AppleWebKit/537.36 (KHTML, like Gecko) Chrome/48.0.2564.116 UBrowser/5.6.12265.1017 Safari/537.36'
    'CONTENT_TYPE' => 'application/x-www-form-urlencoded'
    'HTTP_REFERER' => 'http://localhost/pkm/backend/web/index.php?'
    'HTTP_ACCEPT_ENCODING' => 'gzip, deflate'
    'HTTP_ACCEPT_LANGUAGE' => 'en-US,en;q=0.8'
    'HTTP_COOKIE' => '_csrf=11a63b557a9a57fabcc59df1a1e03e2c3c3f0e78594ee9135a2c70fbf39bc9afa%3A2%3A%7Bi%3A0%3Bs%3A5%3A%22_csrf%22%3Bi%3A1%3Bs%3A32%3A%22qGZM1M6h14w3cWAQsAU3GT9TVLHN3cip%22%3B%7D; _identity=2d93811f3aaef1ee603c77e26236f47c2bc6f724ee172b2c980d2cfc06205563a%3A2%3A%7Bi%3A0%3Bs%3A9%3A%22_identity%22%3Bi%3A1%3Bs%3A46%3A%22%5B9%2C%22DUWbi6susizZ9IxLLKVrpWSn_TaJY7Ui%22%2C2592000%5D%22%3B%7D; PHPSESSID=ku3kl9m811igopve1jfmkc7nv6'
    'PATH' => 'C:\\Program Files (x86)\\Intel\\iCLS Client\\;C:\\Program Files\\Intel\\iCLS Client\\;C:\\Program Files (x86)\\AMD APP\\bin\\x86_64;C:\\Program Files (x86)\\AMD APP\\bin\\x86;C:\\ProgramData\\Oracle\\Java\\javapath;C:\\Windows\\system32;C:\\Windows;C:\\Windows\\System32\\Wbem;C:\\Windows\\System32\\WindowsPowerShell\\v1.0\\;C:\\Program Files (x86)\\Intel\\OpenCL SDK\\3.0\\bin\\x86;C:\\Program Files (x86)\\Intel\\OpenCL SDK\\3.0\\bin\\x64;C:\\Program Files (x86)\\ATI Technologies\\ATI.ACE\\Core-Static;C:\\Program Files\\Lenovo\\Bluetooth Software\\;C:\\Program Files\\Lenovo\\Bluetooth Software\\syswow64;;C:\\Program Files\\Intel\\Intel(R) Management Engine Components\\DAL;C:\\Program Files\\Intel\\Intel(R) Management Engine Components\\IPT;C:\\Program Files (x86)\\Intel\\Intel(R) Management Engine Components\\DAL;C:\\Program Files (x86)\\Intel\\Intel(R) Management Engine Components\\IPT;C:\\Program Files\\Microsoft SQL Server\\Client SDK\\ODBC\\110\\Tools\\Binn\\;C:\\Program Files (x86)\\Microsoft SQL Server\\120\\Tools\\Binn\\;C:\\Program Files\\Microsoft SQL Server\\120\\Tools\\Binn\\;C:\\Program Files\\Microsoft SQL Server\\120\\DTS\\Binn\\;C:\\Program Files (x86)\\Microsoft SQL Server\\120\\Tools\\Binn\\ManagementStudio\\;C:\\Program Files (x86)\\Microsoft SQL Server\\120\\DTS\\Binn\\;C:\\Program Files\\Microsoft\\Web Platform Installer\\;C:\\Program Files (x86)\\Microsoft ASP.NET\\ASP.NET Web Pages\\v1.0\\;C:\\Program Files (x86)\\Windows Kits\\8.0\\Windows Performance Toolkit\\;C:\\Program Files\\Microsoft SQL Server\\110\\Tools\\Binn\\;C:\\xampp\\php;C:\\ProgramData\\ComposerSetup\\bin'
    'SystemRoot' => 'C:\\Windows'
    'COMSPEC' => 'C:\\Windows\\system32\\cmd.exe'
    'PATHEXT' => '.COM;.EXE;.BAT;.CMD;.VBS;.VBE;.JS;.JSE;.WSF;.WSH;.MSC'
    'WINDIR' => 'C:\\Windows'
    'SERVER_SIGNATURE' => '<address>Apache/2.4.18 (Win32) OpenSSL/1.0.2e PHP/7.0.4 Server at localhost Port 80</address>
'
    'SERVER_SOFTWARE' => 'Apache/2.4.18 (Win32) OpenSSL/1.0.2e PHP/7.0.4'
    'SERVER_NAME' => 'localhost'
    'SERVER_ADDR' => '::1'
    'SERVER_PORT' => '80'
    'REMOTE_ADDR' => '::1'
    'DOCUMENT_ROOT' => 'C:/xampp/htdocs'
    'REQUEST_SCHEME' => 'http'
    'CONTEXT_PREFIX' => ''
    'CONTEXT_DOCUMENT_ROOT' => 'C:/xampp/htdocs'
    'SERVER_ADMIN' => 'postmaster@localhost'
    'SCRIPT_FILENAME' => 'C:/xampp/htdocs/PKM/backend/web/index.php'
    'REMOTE_PORT' => '59145'
    'GATEWAY_INTERFACE' => 'CGI/1.1'
    'SERVER_PROTOCOL' => 'HTTP/1.1'
    'REQUEST_METHOD' => 'POST'
    'QUERY_STRING' => 'r=site%2Flogout'
    'REQUEST_URI' => '/pkm/backend/web/index.php?r=site%2Flogout'
    'SCRIPT_NAME' => '/pkm/backend/web/index.php'
    'PHP_SELF' => '/pkm/backend/web/index.php'
    'REQUEST_TIME_FLOAT' => 1465800488.486
    'REQUEST_TIME' => 1465800488
]
2016-06-13 08:48:14 [::1][9][ku3kl9m811igopve1jfmkc7nv6][error][yii\web\HttpException:405] yii\web\MethodNotAllowedHttpException: Method Not Allowed. This url can only handle the following request methods: POST. in C:\xampp\htdocs\PKM\vendor\yiisoft\yii2\filters\VerbFilter.php:105
Stack trace:
#0 [internal function]: yii\filters\VerbFilter->beforeAction(Object(yii\base\ActionEvent))
#1 C:\xampp\htdocs\PKM\vendor\yiisoft\yii2\base\Component.php(541): call_user_func(Array, Object(yii\base\ActionEvent))
#2 C:\xampp\htdocs\PKM\vendor\yiisoft\yii2\base\Controller.php(269): yii\base\Component->trigger('beforeAction', Object(yii\base\ActionEvent))
#3 C:\xampp\htdocs\PKM\vendor\yiisoft\yii2\web\Controller.php(108): yii\base\Controller->beforeAction(Object(yii\base\InlineAction))
#4 C:\xampp\htdocs\PKM\vendor\yiisoft\yii2\base\Controller.php(152): yii\web\Controller->beforeAction(Object(yii\base\InlineAction))
#5 C:\xampp\htdocs\PKM\vendor\yiisoft\yii2\base\Module.php(454): yii\base\Controller->runAction('logout', Array)
#6 C:\xampp\htdocs\PKM\vendor\yiisoft\yii2\web\Application.php(84): yii\base\Module->runAction('site/logout', Array)
#7 C:\xampp\htdocs\PKM\vendor\yiisoft\yii2\base\Application.php(375): yii\web\Application->handleRequest(Object(yii\web\Request))
#8 C:\xampp\htdocs\PKM\backend\web\index.php(18): yii\base\Application->run()
#9 {main}
2016-06-13 08:48:14 [::1][9][ku3kl9m811igopve1jfmkc7nv6][info][application] $_GET = [
    'r' => 'site/logout'
]

$_COOKIE = [
    '_csrf' => '14c2c9df2798370ff461e8103132b5993adc756dad567ae6c5e690b078bdafcba:2:{i:0;s:5:\"_csrf\";i:1;s:32:\"2qIskVEIxVDTlpwPuManXI39THppHSpv\";}'
    '_identity' => '2d93811f3aaef1ee603c77e26236f47c2bc6f724ee172b2c980d2cfc06205563a:2:{i:0;s:9:\"_identity\";i:1;s:46:\"[9,\"DUWbi6susizZ9IxLLKVrpWSn_TaJY7Ui\",2592000]\";}'
    'PHPSESSID' => 'ku3kl9m811igopve1jfmkc7nv6'
]

$_SESSION = [
    '__flash' => []
    '__id' => 9
]

$_SERVER = [
    'MIBDIRS' => 'C:/xampp/php/extras/mibs'
    'MYSQL_HOME' => '\\xampp\\mysql\\bin'
    'OPENSSL_CONF' => 'C:/xampp/apache/bin/openssl.cnf'
    'PHP_PEAR_SYSCONF_DIR' => '\\xampp\\php'
    'PHPRC' => '\\xampp\\php'
    'TMP' => '\\xampp\\tmp'
    'HTTP_HOST' => 'localhost'
    'HTTP_CONNECTION' => 'keep-alive'
    'HTTP_CACHE_CONTROL' => 'max-age=0'
    'HTTP_ACCEPT' => 'text/html,application/xhtml+xml,application/xml;q=0.9,image/webp,*/*;q=0.8'
    'HTTP_UPGRADE_INSECURE_REQUESTS' => '1'
    'HTTP_USER_AGENT' => 'Mozilla/5.0 (Windows NT 6.1; WOW64) AppleWebKit/537.36 (KHTML, like Gecko) Chrome/48.0.2564.116 UBrowser/5.6.12265.1017 Safari/537.36'
    'HTTP_ACCEPT_ENCODING' => 'gzip, deflate'
    'HTTP_ACCEPT_LANGUAGE' => 'en-US,en;q=0.8'
    'HTTP_COOKIE' => '_csrf=14c2c9df2798370ff461e8103132b5993adc756dad567ae6c5e690b078bdafcba%3A2%3A%7Bi%3A0%3Bs%3A5%3A%22_csrf%22%3Bi%3A1%3Bs%3A32%3A%222qIskVEIxVDTlpwPuManXI39THppHSpv%22%3B%7D; _identity=2d93811f3aaef1ee603c77e26236f47c2bc6f724ee172b2c980d2cfc06205563a%3A2%3A%7Bi%3A0%3Bs%3A9%3A%22_identity%22%3Bi%3A1%3Bs%3A46%3A%22%5B9%2C%22DUWbi6susizZ9IxLLKVrpWSn_TaJY7Ui%22%2C2592000%5D%22%3B%7D; PHPSESSID=ku3kl9m811igopve1jfmkc7nv6'
    'PATH' => 'C:\\Program Files (x86)\\Intel\\iCLS Client\\;C:\\Program Files\\Intel\\iCLS Client\\;C:\\Program Files (x86)\\AMD APP\\bin\\x86_64;C:\\Program Files (x86)\\AMD APP\\bin\\x86;C:\\ProgramData\\Oracle\\Java\\javapath;C:\\Windows\\system32;C:\\Windows;C:\\Windows\\System32\\Wbem;C:\\Windows\\System32\\WindowsPowerShell\\v1.0\\;C:\\Program Files (x86)\\Intel\\OpenCL SDK\\3.0\\bin\\x86;C:\\Program Files (x86)\\Intel\\OpenCL SDK\\3.0\\bin\\x64;C:\\Program Files (x86)\\ATI Technologies\\ATI.ACE\\Core-Static;C:\\Program Files\\Lenovo\\Bluetooth Software\\;C:\\Program Files\\Lenovo\\Bluetooth Software\\syswow64;;C:\\Program Files\\Intel\\Intel(R) Management Engine Components\\DAL;C:\\Program Files\\Intel\\Intel(R) Management Engine Components\\IPT;C:\\Program Files (x86)\\Intel\\Intel(R) Management Engine Components\\DAL;C:\\Program Files (x86)\\Intel\\Intel(R) Management Engine Components\\IPT;C:\\Program Files\\Microsoft SQL Server\\Client SDK\\ODBC\\110\\Tools\\Binn\\;C:\\Program Files (x86)\\Microsoft SQL Server\\120\\Tools\\Binn\\;C:\\Program Files\\Microsoft SQL Server\\120\\Tools\\Binn\\;C:\\Program Files\\Microsoft SQL Server\\120\\DTS\\Binn\\;C:\\Program Files (x86)\\Microsoft SQL Server\\120\\Tools\\Binn\\ManagementStudio\\;C:\\Program Files (x86)\\Microsoft SQL Server\\120\\DTS\\Binn\\;C:\\Program Files\\Microsoft\\Web Platform Installer\\;C:\\Program Files (x86)\\Microsoft ASP.NET\\ASP.NET Web Pages\\v1.0\\;C:\\Program Files (x86)\\Windows Kits\\8.0\\Windows Performance Toolkit\\;C:\\Program Files\\Microsoft SQL Server\\110\\Tools\\Binn\\;C:\\xampp\\php;C:\\ProgramData\\ComposerSetup\\bin'
    'SystemRoot' => 'C:\\Windows'
    'COMSPEC' => 'C:\\Windows\\system32\\cmd.exe'
    'PATHEXT' => '.COM;.EXE;.BAT;.CMD;.VBS;.VBE;.JS;.JSE;.WSF;.WSH;.MSC'
    'WINDIR' => 'C:\\Windows'
    'SERVER_SIGNATURE' => '<address>Apache/2.4.18 (Win32) OpenSSL/1.0.2e PHP/7.0.4 Server at localhost Port 80</address>
'
    'SERVER_SOFTWARE' => 'Apache/2.4.18 (Win32) OpenSSL/1.0.2e PHP/7.0.4'
    'SERVER_NAME' => 'localhost'
    'SERVER_ADDR' => '::1'
    'SERVER_PORT' => '80'
    'REMOTE_ADDR' => '::1'
    'DOCUMENT_ROOT' => 'C:/xampp/htdocs'
    'REQUEST_SCHEME' => 'http'
    'CONTEXT_PREFIX' => ''
    'CONTEXT_DOCUMENT_ROOT' => 'C:/xampp/htdocs'
    'SERVER_ADMIN' => 'postmaster@localhost'
    'SCRIPT_FILENAME' => 'C:/xampp/htdocs/PKM/backend/web/index.php'
    'REMOTE_PORT' => '59147'
    'GATEWAY_INTERFACE' => 'CGI/1.1'
    'SERVER_PROTOCOL' => 'HTTP/1.1'
    'REQUEST_METHOD' => 'GET'
    'QUERY_STRING' => 'r=site%2Flogout'
    'REQUEST_URI' => '/pkm/backend/web/index.php?r=site%2Flogout'
    'SCRIPT_NAME' => '/pkm/backend/web/index.php'
    'PHP_SELF' => '/pkm/backend/web/index.php'
    'REQUEST_TIME_FLOAT' => 1465800494.218
    'REQUEST_TIME' => 1465800494
]
2016-06-13 08:48:17 [::1][9][ku3kl9m811igopve1jfmkc7nv6][error][yii\web\HttpException:405] yii\web\MethodNotAllowedHttpException: Method Not Allowed. This url can only handle the following request methods: POST. in C:\xampp\htdocs\PKM\vendor\yiisoft\yii2\filters\VerbFilter.php:105
Stack trace:
#0 [internal function]: yii\filters\VerbFilter->beforeAction(Object(yii\base\ActionEvent))
#1 C:\xampp\htdocs\PKM\vendor\yiisoft\yii2\base\Component.php(541): call_user_func(Array, Object(yii\base\ActionEvent))
#2 C:\xampp\htdocs\PKM\vendor\yiisoft\yii2\base\Controller.php(269): yii\base\Component->trigger('beforeAction', Object(yii\base\ActionEvent))
#3 C:\xampp\htdocs\PKM\vendor\yiisoft\yii2\web\Controller.php(108): yii\base\Controller->beforeAction(Object(yii\base\InlineAction))
#4 C:\xampp\htdocs\PKM\vendor\yiisoft\yii2\base\Controller.php(152): yii\web\Controller->beforeAction(Object(yii\base\InlineAction))
#5 C:\xampp\htdocs\PKM\vendor\yiisoft\yii2\base\Module.php(454): yii\base\Controller->runAction('logout', Array)
#6 C:\xampp\htdocs\PKM\vendor\yiisoft\yii2\web\Application.php(84): yii\base\Module->runAction('site/logout', Array)
#7 C:\xampp\htdocs\PKM\vendor\yiisoft\yii2\base\Application.php(375): yii\web\Application->handleRequest(Object(yii\web\Request))
#8 C:\xampp\htdocs\PKM\backend\web\index.php(18): yii\base\Application->run()
#9 {main}
2016-06-13 08:48:17 [::1][9][ku3kl9m811igopve1jfmkc7nv6][info][application] $_GET = [
    'r' => 'site/logout'
]

$_COOKIE = [
    '_csrf' => 'a84948fbdb2a22100749e21cee4de146583b9295af09696ceac136c1fef86f6ca:2:{i:0;s:5:\"_csrf\";i:1;s:32:\"jz54YHhgnPwIiD7ezi_6x81G-JTI4_Qs\";}'
    '_identity' => '2d93811f3aaef1ee603c77e26236f47c2bc6f724ee172b2c980d2cfc06205563a:2:{i:0;s:9:\"_identity\";i:1;s:46:\"[9,\"DUWbi6susizZ9IxLLKVrpWSn_TaJY7Ui\",2592000]\";}'
    'PHPSESSID' => 'ku3kl9m811igopve1jfmkc7nv6'
]

$_SESSION = [
    '__flash' => []
    '__id' => 9
]

$_SERVER = [
    'MIBDIRS' => 'C:/xampp/php/extras/mibs'
    'MYSQL_HOME' => '\\xampp\\mysql\\bin'
    'OPENSSL_CONF' => 'C:/xampp/apache/bin/openssl.cnf'
    'PHP_PEAR_SYSCONF_DIR' => '\\xampp\\php'
    'PHPRC' => '\\xampp\\php'
    'TMP' => '\\xampp\\tmp'
    'HTTP_HOST' => 'localhost'
    'HTTP_CONNECTION' => 'keep-alive'
    'HTTP_ACCEPT' => 'text/html,application/xhtml+xml,application/xml;q=0.9,image/webp,*/*;q=0.8'
    'HTTP_UPGRADE_INSECURE_REQUESTS' => '1'
    'HTTP_USER_AGENT' => 'Mozilla/5.0 (Windows NT 6.1; WOW64) AppleWebKit/537.36 (KHTML, like Gecko) Chrome/48.0.2564.116 UBrowser/5.6.12265.1017 Safari/537.36'
    'HTTP_ACCEPT_ENCODING' => 'gzip, deflate'
    'HTTP_ACCEPT_LANGUAGE' => 'en-US,en;q=0.8'
    'HTTP_COOKIE' => '_csrf=a84948fbdb2a22100749e21cee4de146583b9295af09696ceac136c1fef86f6ca%3A2%3A%7Bi%3A0%3Bs%3A5%3A%22_csrf%22%3Bi%3A1%3Bs%3A32%3A%22jz54YHhgnPwIiD7ezi_6x81G-JTI4_Qs%22%3B%7D; _identity=2d93811f3aaef1ee603c77e26236f47c2bc6f724ee172b2c980d2cfc06205563a%3A2%3A%7Bi%3A0%3Bs%3A9%3A%22_identity%22%3Bi%3A1%3Bs%3A46%3A%22%5B9%2C%22DUWbi6susizZ9IxLLKVrpWSn_TaJY7Ui%22%2C2592000%5D%22%3B%7D; PHPSESSID=ku3kl9m811igopve1jfmkc7nv6'
    'PATH' => 'C:\\Program Files (x86)\\Intel\\iCLS Client\\;C:\\Program Files\\Intel\\iCLS Client\\;C:\\Program Files (x86)\\AMD APP\\bin\\x86_64;C:\\Program Files (x86)\\AMD APP\\bin\\x86;C:\\ProgramData\\Oracle\\Java\\javapath;C:\\Windows\\system32;C:\\Windows;C:\\Windows\\System32\\Wbem;C:\\Windows\\System32\\WindowsPowerShell\\v1.0\\;C:\\Program Files (x86)\\Intel\\OpenCL SDK\\3.0\\bin\\x86;C:\\Program Files (x86)\\Intel\\OpenCL SDK\\3.0\\bin\\x64;C:\\Program Files (x86)\\ATI Technologies\\ATI.ACE\\Core-Static;C:\\Program Files\\Lenovo\\Bluetooth Software\\;C:\\Program Files\\Lenovo\\Bluetooth Software\\syswow64;;C:\\Program Files\\Intel\\Intel(R) Management Engine Components\\DAL;C:\\Program Files\\Intel\\Intel(R) Management Engine Components\\IPT;C:\\Program Files (x86)\\Intel\\Intel(R) Management Engine Components\\DAL;C:\\Program Files (x86)\\Intel\\Intel(R) Management Engine Components\\IPT;C:\\Program Files\\Microsoft SQL Server\\Client SDK\\ODBC\\110\\Tools\\Binn\\;C:\\Program Files (x86)\\Microsoft SQL Server\\120\\Tools\\Binn\\;C:\\Program Files\\Microsoft SQL Server\\120\\Tools\\Binn\\;C:\\Program Files\\Microsoft SQL Server\\120\\DTS\\Binn\\;C:\\Program Files (x86)\\Microsoft SQL Server\\120\\Tools\\Binn\\ManagementStudio\\;C:\\Program Files (x86)\\Microsoft SQL Server\\120\\DTS\\Binn\\;C:\\Program Files\\Microsoft\\Web Platform Installer\\;C:\\Program Files (x86)\\Microsoft ASP.NET\\ASP.NET Web Pages\\v1.0\\;C:\\Program Files (x86)\\Windows Kits\\8.0\\Windows Performance Toolkit\\;C:\\Program Files\\Microsoft SQL Server\\110\\Tools\\Binn\\;C:\\xampp\\php;C:\\ProgramData\\ComposerSetup\\bin'
    'SystemRoot' => 'C:\\Windows'
    'COMSPEC' => 'C:\\Windows\\system32\\cmd.exe'
    'PATHEXT' => '.COM;.EXE;.BAT;.CMD;.VBS;.VBE;.JS;.JSE;.WSF;.WSH;.MSC'
    'WINDIR' => 'C:\\Windows'
    'SERVER_SIGNATURE' => '<address>Apache/2.4.18 (Win32) OpenSSL/1.0.2e PHP/7.0.4 Server at localhost Port 80</address>
'
    'SERVER_SOFTWARE' => 'Apache/2.4.18 (Win32) OpenSSL/1.0.2e PHP/7.0.4'
    'SERVER_NAME' => 'localhost'
    'SERVER_ADDR' => '::1'
    'SERVER_PORT' => '80'
    'REMOTE_ADDR' => '::1'
    'DOCUMENT_ROOT' => 'C:/xampp/htdocs'
    'REQUEST_SCHEME' => 'http'
    'CONTEXT_PREFIX' => ''
    'CONTEXT_DOCUMENT_ROOT' => 'C:/xampp/htdocs'
    'SERVER_ADMIN' => 'postmaster@localhost'
    'SCRIPT_FILENAME' => 'C:/xampp/htdocs/PKM/backend/web/index.php'
    'REMOTE_PORT' => '59147'
    'GATEWAY_INTERFACE' => 'CGI/1.1'
    'SERVER_PROTOCOL' => 'HTTP/1.1'
    'REQUEST_METHOD' => 'GET'
    'QUERY_STRING' => 'r=site%2Flogout'
    'REQUEST_URI' => '/pkm/backend/web/index.php?r=site%2Flogout'
    'SCRIPT_NAME' => '/pkm/backend/web/index.php'
    'PHP_SELF' => '/pkm/backend/web/index.php'
    'REQUEST_TIME_FLOAT' => 1465800497.745
    'REQUEST_TIME' => 1465800497
]
